<?xml version="1.0" encoding="UTF-8"?>
<!-- Generated by org.testng.reporters.JUnitXMLReporter -->
<testsuite hostname="CSPC136" failures="0" tests="10" name="Default test" time="55.485" errors="0" timestamp="7 Mar 2022 12:27:37 GMT">
  <testcase classname="test.LoginTest" name="open_the_LoginPage_Url" time="19.293"/>
  <testcase classname="test.LoginTest" name="enter_valid_username_and_invalid_password" time="4.848"/>
  <testcase classname="test.LoginTest" name="enter_invalid_username_and_valid_password" time="4.31"/>
  <testcase classname="test.LoginTest" name="enter_valid_username_and_empty_password" time="4.278"/>
  <testcase classname="test.LoginTest" name="enter_invalid_username_and_empty_password" time="4.257"/>
  <testcase classname="test.LoginTest" name="enter_empty_username_and_valid_password" time="4.326"/>
  <testcase classname="test.LoginTest" name="enter_empty_username_and_invalid_password" time="4.271"/>
  <testcase classname="test.LoginTest" name="enter_empty_username_and_empty_password" time="4.265"/>
  <testcase classname="test.LoginTest" name="enter_invalid_username_and_invalid_password" time="4.263"/>
  <testcase classname="test.LoginTest" name="enter_valid_username_and_valid_password" time="1.321"/>
</testsuite> <!-- Default test -->
