<?xml version="1.0" encoding="UTF-8"?>
<!-- Generated by org.testng.reporters.JUnitXMLReporter -->
<testsuite hostname="CSPC136" failures="0" tests="10" name="Default test" time="63.314" errors="0" timestamp="14 Mar 2022 05:44:13 GMT">
  <testcase classname="test.LoginTest" name="open_the_LoginPage_Url" time="26.396"/>
  <testcase classname="test.LoginTest" name="enter_valid_username_and_invalid_password" time="5.035"/>
  <testcase classname="test.LoginTest" name="enter_invalid_username_and_valid_password" time="4.492"/>
  <testcase classname="test.LoginTest" name="enter_valid_username_and_empty_password" time="4.394"/>
  <testcase classname="test.LoginTest" name="enter_invalid_username_and_empty_password" time="4.308"/>
  <testcase classname="test.LoginTest" name="enter_empty_username_and_valid_password" time="4.34"/>
  <testcase classname="test.LoginTest" name="enter_empty_username_and_invalid_password" time="4.34"/>
  <testcase classname="test.LoginTest" name="enter_empty_username_and_empty_password" time="4.293"/>
  <testcase classname="test.LoginTest" name="enter_invalid_username_and_invalid_password" time="4.306"/>
  <testcase classname="test.LoginTest" name="enter_valid_username_and_valid_password" time="1.357"/>
</testsuite> <!-- Default test -->
