<?xml version="1.0" encoding="UTF-8"?>
<testng-results total="10" passed="9" failed="1" skipped="0">
  <reporter-output>
  </reporter-output>
  <suite started-at="2022-03-14T08:00:20Z" name="RegressionTest" finished-at="2022-03-14T08:02:56Z" duration-ms="155648">
    <groups>
    </groups>
    <test started-at="2022-03-14T08:00:20Z" name="LoginTest" finished-at="2022-03-14T08:02:56Z" duration-ms="155648">
      <class name="test.LoginTest">
        <test-method signature="open_the_LoginPage_Url()[pri:1, instance:test.LoginTest@60015ef5]" started-at="2022-03-14T13:30:20Z" name="open_the_LoginPage_Url" finished-at="2022-03-14T13:31:40Z" duration-ms="79768" status="PASS">
          <reporter-output>
          </reporter-output>
        </test-method> <!-- open_the_LoginPage_Url -->
        <test-method signature="enter_valid_username_and_invalid_password()[pri:2, instance:test.LoginTest@60015ef5]" started-at="2022-03-14T13:31:40Z" name="enter_valid_username_and_invalid_password" finished-at="2022-03-14T13:31:46Z" duration-ms="5889" status="PASS">
          <reporter-output>
          </reporter-output>
        </test-method> <!-- enter_valid_username_and_invalid_password -->
        <test-method signature="enter_invalid_username_and_valid_password()[pri:3, instance:test.LoginTest@60015ef5]" started-at="2022-03-14T13:31:46Z" name="enter_invalid_username_and_valid_password" finished-at="2022-03-14T13:31:50Z" duration-ms="4347" status="PASS">
          <reporter-output>
          </reporter-output>
        </test-method> <!-- enter_invalid_username_and_valid_password -->
        <test-method signature="enter_valid_username_and_empty_password()[pri:4, instance:test.LoginTest@60015ef5]" started-at="2022-03-14T13:31:50Z" name="enter_valid_username_and_empty_password" finished-at="2022-03-14T13:31:55Z" duration-ms="4367" status="PASS">
          <reporter-output>
          </reporter-output>
        </test-method> <!-- enter_valid_username_and_empty_password -->
        <test-method signature="enter_invalid_username_and_empty_password()[pri:5, instance:test.LoginTest@60015ef5]" started-at="2022-03-14T13:31:55Z" name="enter_invalid_username_and_empty_password" finished-at="2022-03-14T13:31:59Z" duration-ms="4409" status="PASS">
          <reporter-output>
          </reporter-output>
        </test-method> <!-- enter_invalid_username_and_empty_password -->
        <test-method signature="enter_empty_username_and_valid_password()[pri:6, instance:test.LoginTest@60015ef5]" started-at="2022-03-14T13:31:59Z" name="enter_empty_username_and_valid_password" finished-at="2022-03-14T13:32:04Z" duration-ms="4310" status="PASS">
          <reporter-output>
          </reporter-output>
        </test-method> <!-- enter_empty_username_and_valid_password -->
        <test-method signature="enter_empty_username_and_invalid_password()[pri:7, instance:test.LoginTest@60015ef5]" started-at="2022-03-14T13:32:04Z" name="enter_empty_username_and_invalid_password" finished-at="2022-03-14T13:32:08Z" duration-ms="4317" status="PASS">
          <reporter-output>
          </reporter-output>
        </test-method> <!-- enter_empty_username_and_invalid_password -->
        <test-method signature="enter_empty_username_and_empty_password()[pri:8, instance:test.LoginTest@60015ef5]" started-at="2022-03-14T13:32:08Z" name="enter_empty_username_and_empty_password" finished-at="2022-03-14T13:32:12Z" duration-ms="4303" status="PASS">
          <reporter-output>
          </reporter-output>
        </test-method> <!-- enter_empty_username_and_empty_password -->
        <test-method signature="enter_invalid_username_and_invalid_password()[pri:9, instance:test.LoginTest@60015ef5]" started-at="2022-03-14T13:32:12Z" name="enter_invalid_username_and_invalid_password" finished-at="2022-03-14T13:32:55Z" duration-ms="42482" status="FAIL">
          <exception class="org.openqa.selenium.NoSuchElementException">
            <message>
              <![CDATA[no such element: Unable to locate element: {"method":"xpath","selector":"//span[text()='The username or password is incorrectt.']"}
  (Session info: chrome=99.0.4844.51)
For documentation on this error, please visit: https://www.seleniumhq.org/exceptions/no_such_element.html
Build info: version: '3.141.59', revision: 'e82be7d358', time: '2018-11-14T08:25:53'
System info: host: 'CSPC136', ip: '192.168.10.136', os.name: 'Windows 10', os.arch: 'amd64', os.version: '10.0', java.version: '9.0.1'
Driver info: org.openqa.selenium.chrome.ChromeDriver
Capabilities {acceptInsecureCerts: false, browserName: chrome, browserVersion: 99.0.4844.51, chrome: {chromedriverVersion: 98.0.4758.102 (273bf7ac8c90..., userDataDir: C:\Users\Nidhi\AppData\Loca...}, goog:chromeOptions: {debuggerAddress: localhost:55444}, javascriptEnabled: true, networkConnectionEnabled: false, pageLoadStrategy: normal, platform: WINDOWS, platformName: WINDOWS, proxy: Proxy(), setWindowRect: true, strictFileInteractability: false, timeouts: {implicit: 0, pageLoad: 300000, script: 30000}, unhandledPromptBehavior: dismiss and notify, webauthn:extension:credBlob: true, webauthn:extension:largeBlob: true, webauthn:virtualAuthenticators: true}
Session ID: a3e0379a9108a9437a397954ad5bf25b
*** Element info: {Using=xpath, value=//span[text()='The username or password is incorrectt.']}]]>
            </message>
            <full-stacktrace>
              <![CDATA[org.openqa.selenium.NoSuchElementException: no such element: Unable to locate element: {"method":"xpath","selector":"//span[text()='The username or password is incorrectt.']"}
  (Session info: chrome=99.0.4844.51)
For documentation on this error, please visit: https://www.seleniumhq.org/exceptions/no_such_element.html
Build info: version: '3.141.59', revision: 'e82be7d358', time: '2018-11-14T08:25:53'
System info: host: 'CSPC136', ip: '192.168.10.136', os.name: 'Windows 10', os.arch: 'amd64', os.version: '10.0', java.version: '9.0.1'
Driver info: org.openqa.selenium.chrome.ChromeDriver
Capabilities {acceptInsecureCerts: false, browserName: chrome, browserVersion: 99.0.4844.51, chrome: {chromedriverVersion: 98.0.4758.102 (273bf7ac8c90..., userDataDir: C:\Users\Nidhi\AppData\Loca...}, goog:chromeOptions: {debuggerAddress: localhost:55444}, javascriptEnabled: true, networkConnectionEnabled: false, pageLoadStrategy: normal, platform: WINDOWS, platformName: WINDOWS, proxy: Proxy(), setWindowRect: true, strictFileInteractability: false, timeouts: {implicit: 0, pageLoad: 300000, script: 30000}, unhandledPromptBehavior: dismiss and notify, webauthn:extension:credBlob: true, webauthn:extension:largeBlob: true, webauthn:virtualAuthenticators: true}
Session ID: a3e0379a9108a9437a397954ad5bf25b
*** Element info: {Using=xpath, value=//span[text()='The username or password is incorrectt.']}
	at java.base/jdk.internal.reflect.NativeConstructorAccessorImpl.newInstance0(Native Method)
	at java.base/jdk.internal.reflect.NativeConstructorAccessorImpl.newInstance(NativeConstructorAccessorImpl.java:62)
	at java.base/jdk.internal.reflect.DelegatingConstructorAccessorImpl.newInstance(DelegatingConstructorAccessorImpl.java:45)
	at java.base/java.lang.reflect.Constructor.newInstance(Constructor.java:488)
	at org.openqa.selenium.remote.http.W3CHttpResponseCodec.createException(W3CHttpResponseCodec.java:187)
	at org.openqa.selenium.remote.http.W3CHttpResponseCodec.decode(W3CHttpResponseCodec.java:122)
	at org.openqa.selenium.remote.http.W3CHttpResponseCodec.decode(W3CHttpResponseCodec.java:49)
	at org.openqa.selenium.remote.HttpCommandExecutor.execute(HttpCommandExecutor.java:158)
	at org.openqa.selenium.remote.service.DriverCommandExecutor.execute(DriverCommandExecutor.java:83)
	at org.openqa.selenium.remote.RemoteWebDriver.execute(RemoteWebDriver.java:552)
	at org.openqa.selenium.remote.RemoteWebDriver.findElement(RemoteWebDriver.java:323)
	at org.openqa.selenium.remote.RemoteWebDriver.findElementByXPath(RemoteWebDriver.java:428)
	at org.openqa.selenium.By$ByXPath.findElement(By.java:353)
	at org.openqa.selenium.remote.RemoteWebDriver.findElement(RemoteWebDriver.java:315)
	at test.LoginTest.enter_invalid_username_and_invalid_password(LoginTest.java:142)
	at java.base/jdk.internal.reflect.NativeMethodAccessorImpl.invoke0(Native Method)
	at java.base/jdk.internal.reflect.NativeMethodAccessorImpl.invoke(NativeMethodAccessorImpl.java:62)
	at java.base/jdk.internal.reflect.DelegatingMethodAccessorImpl.invoke(DelegatingMethodAccessorImpl.java:43)
	at java.base/java.lang.reflect.Method.invoke(Method.java:564)
	at org.testng.internal.MethodInvocationHelper.invokeMethod(MethodInvocationHelper.java:86)
	at org.testng.internal.Invoker.invokeMethod(Invoker.java:646)
	at org.testng.internal.Invoker.invokeTestMethod(Invoker.java:823)
	at org.testng.internal.Invoker.invokeTestMethods(Invoker.java:1131)
	at org.testng.internal.TestMethodWorker.invokeTestMethods(TestMethodWorker.java:129)
	at org.testng.internal.TestMethodWorker.run(TestMethodWorker.java:112)
	at org.testng.TestRunner.privateRun(TestRunner.java:778)
	at org.testng.TestRunner.run(TestRunner.java:632)
	at org.testng.SuiteRunner.runTest(SuiteRunner.java:366)
	at org.testng.SuiteRunner.runSequentially(SuiteRunner.java:361)
	at org.testng.SuiteRunner.privateRun(SuiteRunner.java:319)
	at org.testng.SuiteRunner.run(SuiteRunner.java:268)
	at org.testng.SuiteRunnerWorker.runSuite(SuiteRunnerWorker.java:52)
	at org.testng.SuiteRunnerWorker.run(SuiteRunnerWorker.java:86)
	at org.testng.TestNG.runSuitesSequentially(TestNG.java:1225)
	at org.testng.TestNG.runSuitesLocally(TestNG.java:1150)
	at org.testng.TestNG.runSuites(TestNG.java:1075)
	at org.testng.TestNG.run(TestNG.java:1047)
	at org.testng.remote.AbstractRemoteTestNG.run(AbstractRemoteTestNG.java:126)
	at org.testng.remote.RemoteTestNG.initAndRun(RemoteTestNG.java:137)
	at org.testng.remote.RemoteTestNG.main(RemoteTestNG.java:58)
]]>
            </full-stacktrace>
          </exception> <!-- org.openqa.selenium.NoSuchElementException -->
          <reporter-output>
          </reporter-output>
        </test-method> <!-- enter_invalid_username_and_invalid_password -->
        <test-method signature="enter_valid_username_and_valid_password()[pri:10, instance:test.LoginTest@60015ef5]" started-at="2022-03-14T13:32:55Z" name="enter_valid_username_and_valid_password" finished-at="2022-03-14T13:32:56Z" duration-ms="1404" status="PASS">
          <reporter-output>
          </reporter-output>
        </test-method> <!-- enter_valid_username_and_valid_password -->
      </class> <!-- test.LoginTest -->
    </test> <!-- LoginTest -->
  </suite> <!-- RegressionTest -->
</testng-results>
